{"name": "test1 add and verify task", "status": "failed", "statusDetails": {"message": "AssertionError: actual is: 3, but expected is: 2", "trace": "self = <electron_automation.test_cases.test_electron3.Test_Electron object at 0x00000264DE735DE0>\n\n    @allure.title('test1 add and verify task')\n    @allure.description('test1 add and verify task')\n    def test_add_task(self):\n        ElectronFlows.add_task(self, 'task rr1')\n        ElectronFlows.add_task(self, 'task rr2')\n        ElectronFlows.add_task(self, 'task rr3')\n        time.sleep(1)\n>       Verifications.verify_equals(ElectronFlows.number_of_tasks(self), '2')\n\ntest_electron3.py:18: \n_ _ _ _ _ _ _ _ _ _ _ _ _ _ _ _ _ _ _ _ _ _ _ _ _ _ _ _ _ _ _ _ _ _ _ _ _ _ _ _ _ _ _ _ _ _ _ _ _ _ _ _ _ _ _ _ _ _ _ _ _ _ _ _ _ _ _ _ _ _ _ \n\nactual = 3, expected = '2'\n\n    @staticmethod\n    @allure.step('verify equals')\n    def verify_equals(actual, expected):\n>       assert str(actual) == expected, 'actual is: '+str(actual)+', but expected is: '+str(expected)\nE       AssertionError: actual is: 3, but expected is: 2\n\n..\\..\\extentions\\verifications.py:9: AssertionError"}, "description": "test1 add and verify task", "steps": [{"name": "add new task", "status": "passed", "steps": [{"name": "update text", "status": "passed", "parameters": [{"name": "elem", "value": "<selenium.webdriver.remote.webelement.WebElement (session=\"175695c169b4d8c05a8fca93e72ee543\", element=\"0.1260006710812116-1\")>"}, {"name": "value", "value": "'task rr1'"}], "start": 1651164799723, "stop": 1651164799866}, {"name": "update text", "status": "passed", "parameters": [{"name": "elem", "value": "<selenium.webdriver.remote.webelement.WebElement (session=\"175695c169b4d8c05a8fca93e72ee543\", element=\"0.1260006710812116-1\")>"}, {"name": "value", "value": "''"}], "start": 1651164799878, "stop": 1651164799941}], "parameters": [{"name": "task_name", "value": "'task rr1'"}], "start": 1651164798703, "stop": 1651164799941}, {"name": "add new task", "status": "passed", "steps": [{"name": "update text", "status": "passed", "parameters": [{"name": "elem", "value": "<selenium.webdriver.remote.webelement.WebElement (session=\"175695c169b4d8c05a8fca93e72ee543\", element=\"0.1260006710812116-1\")>"}, {"name": "value", "value": "'task rr2'"}], "start": 1651164799956, "stop": 1651164800047}, {"name": "update text", "status": "passed", "parameters": [{"name": "elem", "value": "<selenium.webdriver.remote.webelement.WebElement (session=\"175695c169b4d8c05a8fca93e72ee543\", element=\"0.1260006710812116-1\")>"}, {"name": "value", "value": "''"}], "start": 1651164800054, "stop": 1651164800122}], "parameters": [{"name": "task_name", "value": "'task rr2'"}], "start": 1651164799941, "stop": 1651164800122}, {"name": "add new task", "status": "passed", "steps": [{"name": "update text", "status": "passed", "parameters": [{"name": "elem", "value": "<selenium.webdriver.remote.webelement.WebElement (session=\"175695c169b4d8c05a8fca93e72ee543\", element=\"0.1260006710812116-1\")>"}, {"name": "value", "value": "'task rr3'"}], "start": 1651164800130, "stop": 1651164800165}, {"name": "update text", "status": "passed", "parameters": [{"name": "elem", "value": "<selenium.webdriver.remote.webelement.WebElement (session=\"175695c169b4d8c05a8fca93e72ee543\", element=\"0.1260006710812116-1\")>"}, {"name": "value", "value": "''"}], "start": 1651164800172, "stop": 1651164800199}], "parameters": [{"name": "task_name", "value": "'task rr3'"}], "start": 1651164800122, "stop": 1651164800199}, {"name": "tasks number", "status": "passed", "start": 1651164801207, "stop": 1651164801222}, {"name": "verify equals", "status": "failed", "statusDetails": {"message": "AssertionError: actual is: 3, but expected is: 2\n", "trace": "  File \"c:\\electronproject\\venv\\lib\\site-packages\\allure_commons\\_allure.py\", line 172, in impl\n    return func(*a, **kw)\n  File \"C:\\electronProject\\extentions\\verifications.py\", line 9, in verify_equals\n    assert str(actual) == expected, 'actual is: '+str(actual)+', but expected is: '+str(expected)\n"}, "parameters": [{"name": "actual", "value": "3"}, {"name": "expected", "value": "'2'"}], "start": 1651164801222, "stop": 1651164801222}], "attachments": [{"source": "4d6816d7-88bc-410e-bcca-2810da74b99b-attachment.png", "type": "image/png"}], "start": 1651164798703, "stop": 1651164801223, "uuid": "c7844904-5713-4a8f-b2ab-2a276939992e", "historyId": "13308991d7da3e042419488848817028", "testCaseId": "5823e168e54ed35bd98b00ae7a7e8194", "fullName": "test_electron3.Test_Electron#test_add_task", "labels": [{"name": "tag", "value": "@pytest.mark.usefixtures('init_elctron_driver')"}, {"name": "suite", "value": "test_electron3"}, {"name": "subSuite", "value": "Test_Electron"}, {"name": "host", "value": "CND0395V7P"}, {"name": "thread", "value": "19736-MainThread"}, {"name": "framework", "value": "pytest"}, {"name": "language", "value": "cpython3"}, {"name": "package", "value": "test_electron3"}]}